12-19 01:14 parse        DEBUG    format u'I have pushed my card in the slot' -> u'I have pushed my card in the slot'
12-19 01:14 parse        DEBUG    format u'I enter my PIN {pin}' -> u'I enter my PIN (?P<pin>.+?)'
12-19 01:14 parse        DEBUG    format u'I press "OK"' -> u'I press "OK"'
12-19 01:14 parse        DEBUG    format u'I should see the main menu' -> u'I should see the main menu'
12-19 01:14 parse        DEBUG    format u'I have authenticate with correct pin {}' -> u'I have authenticate with correct pin (.+?)'
12-19 01:14 parse        DEBUG    format u'I fill the data users' -> u'I fill the data users'
12-19 01:14 parse        DEBUG    format u'I enter create user' -> u'I enter create user'
12-19 01:14 parse        DEBUG    format u'The user created' -> u'The user created'
12-19 01:14 parse        DEBUG    format u'we have behave installed' -> u'we have behave installed'
12-19 01:14 parse        DEBUG    format u'we implement a test' -> u'we implement a test'
12-19 01:14 parse        DEBUG    format u'behave will test it for us!' -> u'behave will test it for us\\!'
12-19 01:14 parse        DEBUG    format u'I create a new projet' -> u'I create a new projet'
12-19 01:14 parse        DEBUG    format u'I get the project created' -> u'I get the project created'
12-19 01:14 parse        DEBUG    format u'I edit the project' -> u'I edit the project'
12-19 01:14 parse        DEBUG    format u'Prject should be update' -> u'Prject should be update'
12-19 01:14 root         INFO     This is a test
12-19 01:19 parse        DEBUG    format u'I have pushed my card in the slot' -> u'I have pushed my card in the slot'
12-19 01:19 parse        DEBUG    format u'I enter my PIN {pin}' -> u'I enter my PIN (?P<pin>.+?)'
12-19 01:19 parse        DEBUG    format u'I press "OK"' -> u'I press "OK"'
12-19 01:19 parse        DEBUG    format u'I should see the main menu' -> u'I should see the main menu'
12-19 01:19 parse        DEBUG    format u'I have authenticate with correct pin {}' -> u'I have authenticate with correct pin (.+?)'
12-19 01:19 parse        DEBUG    format u'I fill the data users' -> u'I fill the data users'
12-19 01:19 parse        DEBUG    format u'I enter create user' -> u'I enter create user'
12-19 01:19 parse        DEBUG    format u'The user created' -> u'The user created'
12-19 01:19 parse        DEBUG    format u'we have behave installed' -> u'we have behave installed'
12-19 01:19 parse        DEBUG    format u'we implement a test' -> u'we implement a test'
12-19 01:19 parse        DEBUG    format u'behave will test it for us!' -> u'behave will test it for us\\!'
12-19 01:19 parse        DEBUG    format u'I create a new projet' -> u'I create a new projet'
12-19 01:19 parse        DEBUG    format u'I get the project created' -> u'I get the project created'
12-19 01:19 parse        DEBUG    format u'I edit the project' -> u'I edit the project'
12-19 01:19 parse        DEBUG    format u'Prject should be update' -> u'Prject should be update'
12-19 01:19 root         INFO     This is a test
12-19 01:22 parse        DEBUG    format u'I have pushed my card in the slot' -> u'I have pushed my card in the slot'
12-19 01:22 parse        DEBUG    format u'I enter my PIN {pin}' -> u'I enter my PIN (?P<pin>.+?)'
12-19 01:22 parse        DEBUG    format u'I press "OK"' -> u'I press "OK"'
12-19 01:22 parse        DEBUG    format u'I should see the main menu' -> u'I should see the main menu'
12-19 01:22 parse        DEBUG    format u'I have authenticate with correct pin {}' -> u'I have authenticate with correct pin (.+?)'
12-19 01:22 parse        DEBUG    format u'I fill the data users' -> u'I fill the data users'
12-19 01:22 parse        DEBUG    format u'I enter create user' -> u'I enter create user'
12-19 01:22 parse        DEBUG    format u'The user created' -> u'The user created'
12-19 01:22 parse        DEBUG    format u'we have behave installed' -> u'we have behave installed'
12-19 01:22 parse        DEBUG    format u'we implement a test' -> u'we implement a test'
12-19 01:22 parse        DEBUG    format u'behave will test it for us!' -> u'behave will test it for us\\!'
12-19 01:22 parse        DEBUG    format u'I create a new projet' -> u'I create a new projet'
12-19 01:22 parse        DEBUG    format u'I get the project created' -> u'I get the project created'
12-19 01:22 parse        DEBUG    format u'I edit the project' -> u'I edit the project'
12-19 01:22 parse        DEBUG    format u'Prject should be update' -> u'Prject should be update'
12-19 01:22 root         INFO     This is a test
12-19 01:40 parse        DEBUG    format u'I have pushed my card in the slot' -> u'I have pushed my card in the slot'
12-19 01:40 parse        DEBUG    format u'I enter my PIN {pin}' -> u'I enter my PIN (?P<pin>.+?)'
12-19 01:40 parse        DEBUG    format u'I press "OK"' -> u'I press "OK"'
12-19 01:40 parse        DEBUG    format u'I should see the main menu' -> u'I should see the main menu'
12-19 01:40 parse        DEBUG    format u'I have authenticate with correct pin {}' -> u'I have authenticate with correct pin (.+?)'
12-19 01:40 parse        DEBUG    format u'I fill the data users' -> u'I fill the data users'
12-19 01:40 parse        DEBUG    format u'I enter create user' -> u'I enter create user'
12-19 01:40 parse        DEBUG    format u'The user created' -> u'The user created'
12-19 01:40 parse        DEBUG    format u'we have behave installed' -> u'we have behave installed'
12-19 01:40 parse        DEBUG    format u'we implement a test' -> u'we implement a test'
12-19 01:40 parse        DEBUG    format u'behave will test it for us!' -> u'behave will test it for us\\!'
12-19 01:40 parse        DEBUG    format u'I create a new projet' -> u'I create a new projet'
12-19 01:40 parse        DEBUG    format u'I get the project created' -> u'I get the project created'
12-19 01:40 parse        DEBUG    format u'I edit the project' -> u'I edit the project'
12-19 01:40 parse        DEBUG    format u'Prject should be update' -> u'Prject should be update'
12-19 01:40 root         INFO     This is a test
12-19 01:42 parse        DEBUG    format u'I have pushed my card in the slot' -> u'I have pushed my card in the slot'
12-19 01:42 parse        DEBUG    format u'I enter my PIN {pin}' -> u'I enter my PIN (?P<pin>.+?)'
12-19 01:42 parse        DEBUG    format u'I press "OK"' -> u'I press "OK"'
12-19 01:42 parse        DEBUG    format u'I should see the main menu' -> u'I should see the main menu'
12-19 01:42 parse        DEBUG    format u'I have authenticate with correct pin {}' -> u'I have authenticate with correct pin (.+?)'
12-19 01:42 parse        DEBUG    format u'I fill the data users' -> u'I fill the data users'
12-19 01:42 parse        DEBUG    format u'I enter create user' -> u'I enter create user'
12-19 01:42 parse        DEBUG    format u'The user created' -> u'The user created'
12-19 01:42 parse        DEBUG    format u'we have behave installed' -> u'we have behave installed'
12-19 01:42 parse        DEBUG    format u'we implement a test' -> u'we implement a test'
12-19 01:42 parse        DEBUG    format u'behave will test it for us!' -> u'behave will test it for us\\!'
12-19 01:42 parse        DEBUG    format u'I create a new projet' -> u'I create a new projet'
12-19 01:42 parse        DEBUG    format u'I get the project created' -> u'I get the project created'
12-19 01:42 parse        DEBUG    format u'I edit the project' -> u'I edit the project'
12-19 01:42 parse        DEBUG    format u'Prject should be update' -> u'Prject should be update'
12-19 01:42 root         INFO     This is a test
